<?xml version="1.0" encoding="UTF-8"?>
<!-- Generated by org.testng.reporters.JUnitXMLReporter -->
<testsuite hostname="Clovers-MBP.fritz.box" ignored="0" name="test with chrome" tests="3" failures="0" timestamp="2021-02-13T12:50:14 NZDT" time="8.769" errors="0">
  <testcase name="@BeforeClass beforeClass" time="0.001" classname="base.BaseTest">
    <failure type="java.lang.Error" message="Unresolved compilation problem: 
	PageFactory.initElement cannot be resolved to a type
">
      <![CDATA[java.lang.Error: Unresolved compilation problem: 
PageFactory.initElement cannot be resolved to a type

at base.BaseTest.beforeClass(BaseTest.java:82)
at java.util.ArrayList.forEach(ArrayList.java:1249)
... Removed 25 stack frames]]>
    </failure>
  </testcase> <!-- @BeforeClass beforeClass -->
  <testcase name="beforeClass" time="0.0" classname="base.BaseTest">
    <skipped/>
  </testcase> <!-- beforeClass -->
  <testcase name="getProperties" time="0.0" classname="base.BaseTest">
    <skipped/>
  </testcase> <!-- getProperties -->
  <testcase name="initBrowser" time="0.0" classname="base.BaseTest">
    <skipped/>
  </testcase> <!-- initBrowser -->
</testsuite> <!-- test with chrome -->
