<?xml version="1.0" encoding="UTF-8"?>
<testng-results skipped="0" failed="0" ignored="0" total="1" passed="1">
  <reporter-output>
  </reporter-output>
  <suite name="Default suite" duration-ms="24408" started-at="2021-02-15T08:21:12 NZDT" finished-at="2021-02-15T08:21:37 NZDT">
    <groups>
    </groups>
    <test name="Default test" duration-ms="24408" started-at="2021-02-15T08:21:12 NZDT" finished-at="2021-02-15T08:21:37 NZDT">
      <class name="testcases.AddEmployeeTest">
        <test-method status="PASS" signature="getProperties(java.lang.String, java.lang.String, java.lang.String)[pri:0, instance:testcases.AddEmployeeTest@1d572e62]" name="getProperties" is-config="true" duration-ms="74" started-at="2021-02-15T08:21:12 NZDT" finished-at="2021-02-15T08:21:12 NZDT">
          <params>
            <param index="0">
              <value>
                <![CDATA[src/test/resources/config/config.properties]]>
              </value>
            </param>
            <param index="1">
              <value>
                <![CDATA[src/test/resources/log4j.properties]]>
              </value>
            </param>
            <param index="2">
              <value>
                <![CDATA[src/test/resources/config/account.properties]]>
              </value>
            </param>
          </params>
          <reporter-output>
          </reporter-output>
        </test-method> <!-- getProperties -->
        <test-method status="PASS" signature="initBrowser(java.lang.String)[pri:0, instance:testcases.AddEmployeeTest@1d572e62]" name="initBrowser" is-config="true" duration-ms="10919" started-at="2021-02-15T08:21:12 NZDT" finished-at="2021-02-15T08:21:23 NZDT">
          <params>
            <param index="0">
              <value>
                <![CDATA[chrome]]>
              </value>
            </param>
          </params>
          <reporter-output>
          </reporter-output>
        </test-method> <!-- initBrowser -->
        <test-method status="PASS" signature="testLogin()[pri:0, instance:testcases.AddEmployeeTest@1d572e62]" name="testLogin" is-config="true" duration-ms="838" started-at="2021-02-15T08:21:23 NZDT" finished-at="2021-02-15T08:21:24 NZDT">
          <reporter-output>
          </reporter-output>
        </test-method> <!-- testLogin -->
        <test-method status="PASS" signature="addEmployeeTest()[pri:0, instance:testcases.AddEmployeeTest@1d572e62]" name="addEmployeeTest" duration-ms="12437" started-at="2021-02-15T08:21:24 NZDT" description="Add new employee with first name and email" finished-at="2021-02-15T08:21:37 NZDT">
          <reporter-output>
          </reporter-output>
        </test-method> <!-- addEmployeeTest -->
        <test-method status="PASS" signature="closeDriver()[pri:0, instance:testcases.AddEmployeeTest@1d572e62]" name="closeDriver" is-config="true" duration-ms="337" started-at="2021-02-15T08:21:37 NZDT" finished-at="2021-02-15T08:21:37 NZDT">
          <reporter-output>
          </reporter-output>
        </test-method> <!-- closeDriver -->
      </class> <!-- testcases.AddEmployeeTest -->
    </test> <!-- Default test -->
  </suite> <!-- Default suite -->
</testng-results>
